c:\users\turbo\documents\visual studio 2015\projects\consoleapplication18\consoleapplication18\debug\consoleapplication18.pch
c:\users\turbo\documents\visual studio 2015\projects\consoleapplication18\consoleapplication18\debug\vc140.pdb
c:\users\turbo\documents\visual studio 2015\projects\consoleapplication18\consoleapplication18\debug\vc140.idb
c:\users\turbo\documents\visual studio 2015\projects\consoleapplication18\consoleapplication18\debug\stdafx.obj
c:\users\turbo\documents\visual studio 2015\projects\consoleapplication18\consoleapplication18\debug\consoleapplication18.obj
c:\users\turbo\documents\visual studio 2015\projects\consoleapplication18\consoleapplication18\debug\swiat.obj
c:\users\turbo\documents\visual studio 2015\projects\consoleapplication18\consoleapplication18\debug\organizm.obj
c:\users\turbo\documents\visual studio 2015\projects\consoleapplication18\consoleapplication18\debug\zwierze.obj
c:\users\turbo\documents\visual studio 2015\projects\consoleapplication18\consoleapplication18\debug\wilk.obj
c:\users\turbo\documents\visual studio 2015\projects\consoleapplication18\consoleapplication18\debug\owca.obj
c:\users\turbo\documents\visual studio 2015\projects\consoleapplication18\consoleapplication18\debug\zmija.obj
c:\users\turbo\documents\visual studio 2015\projects\consoleapplication18\consoleapplication18\debug\roslina.obj
c:\users\turbo\documents\visual studio 2015\projects\consoleapplication18\consoleapplication18\debug\trawa.obj
c:\users\turbo\documents\visual studio 2015\projects\consoleapplication18\debug\consoleapplication18.ilk
c:\users\turbo\documents\visual studio 2015\projects\consoleapplication18\debug\consoleapplication18.exe
c:\users\turbo\documents\visual studio 2015\projects\consoleapplication18\debug\consoleapplication18.pdb
c:\users\turbo\documents\visual studio 2015\projects\consoleapplication18\consoleapplication18\debug\consoleapplication18.obj.enc
c:\users\turbo\documents\visual studio 2015\projects\consoleapplication18\consoleapplication18\debug\consolea.d7fa75b5.tlog\cl.command.1.tlog
c:\users\turbo\documents\visual studio 2015\projects\consoleapplication18\consoleapplication18\debug\consolea.d7fa75b5.tlog\cl.read.1.tlog
c:\users\turbo\documents\visual studio 2015\projects\consoleapplication18\consoleapplication18\debug\consolea.d7fa75b5.tlog\cl.write.1.tlog
c:\users\turbo\documents\visual studio 2015\projects\consoleapplication18\consoleapplication18\debug\consolea.d7fa75b5.tlog\link.command.1.tlog
c:\users\turbo\documents\visual studio 2015\projects\consoleapplication18\consoleapplication18\debug\consolea.d7fa75b5.tlog\link.read.1.tlog
c:\users\turbo\documents\visual studio 2015\projects\consoleapplication18\consoleapplication18\debug\consolea.d7fa75b5.tlog\link.write.1.tlog
